<?xml version="1.0" encoding="UTF-8"?>
<testsuite name="Bank Test"
           tests="4"
           failures="0"
           errors="0"
           skipped="0"
           time="7.974">
  <properties />
  
  
            <testcase name="customerShouldDepositMoneySuccessfully" time="1.497" classname="com.bank.testsuite.BankTest" />
                <testcase name="customerShouldWithdrawMoneySuccessfully" time="0.970" classname="com.bank.testsuite.BankTest" />
                <testcase name="bankManagerShouldAddCustomerSuccessfully" time="4.450" classname="com.bank.testsuite.BankTest" />
                <testcase name="bankManagerShouldOpenAccountSuccessfully" time="1.057" classname="com.bank.testsuite.BankTest" />
      
</testsuite>
